ERROR - 2024-02-06 05:43:56 --> Error connecting to the database: mysqli_sql_exception: No connection could be made because the target machine actively refused it in C:\laragon\www\ProOJT\system\Database\MySQLi\Connection.php:185
Stack trace:
#0 C:\laragon\www\ProOJT\system\Database\MySQLi\Connection.php(185): mysqli->real_connect('localhost', 'root', '', 'ProOJT', 3306, '', 0)
#1 C:\laragon\www\ProOJT\system\Database\BaseConnection.php(391): CodeIgniter\Database\MySQLi\Connection->connect(false)
#2 C:\laragon\www\ProOJT\system\Database\BaseConnection.php(574): CodeIgniter\Database\BaseConnection->initialize()
#3 C:\laragon\www\ProOJT\system\Database\BaseBuilder.php(1615): CodeIgniter\Database\BaseConnection->query('SELECT *\nFROM `...', Array, false)
#4 C:\laragon\www\ProOJT\system\Model.php(264): CodeIgniter\Database\BaseBuilder->get()
#5 C:\laragon\www\ProOJT\system\BaseModel.php(662): CodeIgniter\Model->doFirst()
#6 C:\laragon\www\ProOJT\app\Controllers\Auth.php(61): CodeIgniter\BaseModel->first()
#7 C:\laragon\www\ProOJT\system\CodeIgniter.php(919): App\Controllers\Auth->login()
#8 C:\laragon\www\ProOJT\system\CodeIgniter.php(494): CodeIgniter\CodeIgniter->runController(Object(App\Controllers\Auth))
#9 C:\laragon\www\ProOJT\system\CodeIgniter.php(353): CodeIgniter\CodeIgniter->handleRequest(NULL, Object(Config\Cache), false)
#10 C:\laragon\www\ProOJT\public\index.php(79): CodeIgniter\CodeIgniter->run()
#11 C:\laragon\www\ProOJT\system\Commands\Server\rewrite.php(47): require_once('C:\\laragon\\www\\...')
#12 {main}

Next CodeIgniter\Database\Exceptions\DatabaseException: No connection could be made because the target machine actively refused it in C:\laragon\www\ProOJT\system\Database\MySQLi\Connection.php:229
Stack trace:
#0 C:\laragon\www\ProOJT\system\Database\BaseConnection.php(391): CodeIgniter\Database\MySQLi\Connection->connect(false)
#1 C:\laragon\www\ProOJT\system\Database\BaseConnection.php(574): CodeIgniter\Database\BaseConnection->initialize()
#2 C:\laragon\www\ProOJT\system\Database\BaseBuilder.php(1615): CodeIgniter\Database\BaseConnection->query('SELECT *\nFROM `...', Array, false)
#3 C:\laragon\www\ProOJT\system\Model.php(264): CodeIgniter\Database\BaseBuilder->get()
#4 C:\laragon\www\ProOJT\system\BaseModel.php(662): CodeIgniter\Model->doFirst()
#5 C:\laragon\www\ProOJT\app\Controllers\Auth.php(61): CodeIgniter\BaseModel->first()
#6 C:\laragon\www\ProOJT\system\CodeIgniter.php(919): App\Controllers\Auth->login()
#7 C:\laragon\www\ProOJT\system\CodeIgniter.php(494): CodeIgniter\CodeIgniter->runController(Object(App\Controllers\Auth))
#8 C:\laragon\www\ProOJT\system\CodeIgniter.php(353): CodeIgniter\CodeIgniter->handleRequest(NULL, Object(Config\Cache), false)
#9 C:\laragon\www\ProOJT\public\index.php(79): CodeIgniter\CodeIgniter->run()
#10 C:\laragon\www\ProOJT\system\Commands\Server\rewrite.php(47): require_once('C:\\laragon\\www\\...')
#11 {main}
CRITICAL - 2024-02-06 05:43:56 --> Unable to connect to the database.
Main connection [MySQLi]: No connection could be made because the target machine actively refused it
in SYSTEMPATH\Database\BaseConnection.php on line 427.
 1 SYSTEMPATH\Database\BaseConnection.php(574): CodeIgniter\Database\BaseConnection->initialize()
 2 SYSTEMPATH\Database\BaseBuilder.php(1615): CodeIgniter\Database\BaseConnection->query('SELECT *
FROM `users`
WHERE `username` = :username:
 LIMIT 1', [...], false)
 3 SYSTEMPATH\Model.php(264): CodeIgniter\Database\BaseBuilder->get()
 4 SYSTEMPATH\BaseModel.php(662): CodeIgniter\Model->doFirst()
 5 APPPATH\Controllers\Auth.php(61): CodeIgniter\BaseModel->first()
 6 SYSTEMPATH\CodeIgniter.php(919): App\Controllers\Auth->login()
 7 SYSTEMPATH\CodeIgniter.php(494): CodeIgniter\CodeIgniter->runController(Object(App\Controllers\Auth))
 8 SYSTEMPATH\CodeIgniter.php(353): CodeIgniter\CodeIgniter->handleRequest(null, Object(Config\Cache), false)
 9 FCPATH\index.php(79): CodeIgniter\CodeIgniter->run()
10 SYSTEMPATH\Commands\Server\rewrite.php(47): require_once('C:\\laragon\\www\\ProOJT\\public\\index.php')
ERROR - 2024-02-06 05:44:38 --> Error connecting to the database: mysqli_sql_exception: No connection could be made because the target machine actively refused it in C:\laragon\www\ProOJT\system\Database\MySQLi\Connection.php:185
Stack trace:
#0 C:\laragon\www\ProOJT\system\Database\MySQLi\Connection.php(185): mysqli->real_connect('localhost', 'root', '', 'ProOJT', 3306, '', 0)
#1 C:\laragon\www\ProOJT\system\Database\BaseConnection.php(391): CodeIgniter\Database\MySQLi\Connection->connect(false)
#2 C:\laragon\www\ProOJT\system\Database\BaseConnection.php(574): CodeIgniter\Database\BaseConnection->initialize()
#3 C:\laragon\www\ProOJT\system\Database\BaseBuilder.php(1615): CodeIgniter\Database\BaseConnection->query('SELECT *\nFROM `...', Array, false)
#4 C:\laragon\www\ProOJT\system\Model.php(264): CodeIgniter\Database\BaseBuilder->get()
#5 C:\laragon\www\ProOJT\system\BaseModel.php(662): CodeIgniter\Model->doFirst()
#6 C:\laragon\www\ProOJT\app\Controllers\Auth.php(61): CodeIgniter\BaseModel->first()
#7 C:\laragon\www\ProOJT\system\CodeIgniter.php(919): App\Controllers\Auth->login()
#8 C:\laragon\www\ProOJT\system\CodeIgniter.php(494): CodeIgniter\CodeIgniter->runController(Object(App\Controllers\Auth))
#9 C:\laragon\www\ProOJT\system\CodeIgniter.php(353): CodeIgniter\CodeIgniter->handleRequest(NULL, Object(Config\Cache), false)
#10 C:\laragon\www\ProOJT\public\index.php(79): CodeIgniter\CodeIgniter->run()
#11 C:\laragon\www\ProOJT\system\Commands\Server\rewrite.php(47): require_once('C:\\laragon\\www\\...')
#12 {main}

Next CodeIgniter\Database\Exceptions\DatabaseException: No connection could be made because the target machine actively refused it in C:\laragon\www\ProOJT\system\Database\MySQLi\Connection.php:229
Stack trace:
#0 C:\laragon\www\ProOJT\system\Database\BaseConnection.php(391): CodeIgniter\Database\MySQLi\Connection->connect(false)
#1 C:\laragon\www\ProOJT\system\Database\BaseConnection.php(574): CodeIgniter\Database\BaseConnection->initialize()
#2 C:\laragon\www\ProOJT\system\Database\BaseBuilder.php(1615): CodeIgniter\Database\BaseConnection->query('SELECT *\nFROM `...', Array, false)
#3 C:\laragon\www\ProOJT\system\Model.php(264): CodeIgniter\Database\BaseBuilder->get()
#4 C:\laragon\www\ProOJT\system\BaseModel.php(662): CodeIgniter\Model->doFirst()
#5 C:\laragon\www\ProOJT\app\Controllers\Auth.php(61): CodeIgniter\BaseModel->first()
#6 C:\laragon\www\ProOJT\system\CodeIgniter.php(919): App\Controllers\Auth->login()
#7 C:\laragon\www\ProOJT\system\CodeIgniter.php(494): CodeIgniter\CodeIgniter->runController(Object(App\Controllers\Auth))
#8 C:\laragon\www\ProOJT\system\CodeIgniter.php(353): CodeIgniter\CodeIgniter->handleRequest(NULL, Object(Config\Cache), false)
#9 C:\laragon\www\ProOJT\public\index.php(79): CodeIgniter\CodeIgniter->run()
#10 C:\laragon\www\ProOJT\system\Commands\Server\rewrite.php(47): require_once('C:\\laragon\\www\\...')
#11 {main}
CRITICAL - 2024-02-06 05:44:38 --> Unable to connect to the database.
Main connection [MySQLi]: No connection could be made because the target machine actively refused it
in SYSTEMPATH\Database\BaseConnection.php on line 427.
 1 SYSTEMPATH\Database\BaseConnection.php(574): CodeIgniter\Database\BaseConnection->initialize()
 2 SYSTEMPATH\Database\BaseBuilder.php(1615): CodeIgniter\Database\BaseConnection->query('SELECT *
FROM `users`
WHERE `username` = :username:
 LIMIT 1', [...], false)
 3 SYSTEMPATH\Model.php(264): CodeIgniter\Database\BaseBuilder->get()
 4 SYSTEMPATH\BaseModel.php(662): CodeIgniter\Model->doFirst()
 5 APPPATH\Controllers\Auth.php(61): CodeIgniter\BaseModel->first()
 6 SYSTEMPATH\CodeIgniter.php(919): App\Controllers\Auth->login()
 7 SYSTEMPATH\CodeIgniter.php(494): CodeIgniter\CodeIgniter->runController(Object(App\Controllers\Auth))
 8 SYSTEMPATH\CodeIgniter.php(353): CodeIgniter\CodeIgniter->handleRequest(null, Object(Config\Cache), false)
 9 FCPATH\index.php(79): CodeIgniter\CodeIgniter->run()
10 SYSTEMPATH\Commands\Server\rewrite.php(47): require_once('C:\\laragon\\www\\ProOJT\\public\\index.php')
ERROR - 2024-02-06 05:46:27 --> Error connecting to the database: mysqli_sql_exception: No connection could be made because the target machine actively refused it in C:\laragon\www\ProOJT\system\Database\MySQLi\Connection.php:185
Stack trace:
#0 C:\laragon\www\ProOJT\system\Database\MySQLi\Connection.php(185): mysqli->real_connect('localhost', 'root', '', 'ProOJT', 3306, '', 0)
#1 C:\laragon\www\ProOJT\system\Database\BaseConnection.php(391): CodeIgniter\Database\MySQLi\Connection->connect(false)
#2 C:\laragon\www\ProOJT\system\Database\BaseConnection.php(574): CodeIgniter\Database\BaseConnection->initialize()
#3 C:\laragon\www\ProOJT\system\Database\BaseBuilder.php(1615): CodeIgniter\Database\BaseConnection->query('SELECT *\nFROM `...', Array, false)
#4 C:\laragon\www\ProOJT\system\Model.php(237): CodeIgniter\Database\BaseBuilder->get()
#5 C:\laragon\www\ProOJT\system\BaseModel.php(624): CodeIgniter\Model->doFindAll(0, 0)
#6 C:\laragon\www\ProOJT\app\Controllers\Home.php(14): CodeIgniter\BaseModel->findAll()
#7 C:\laragon\www\ProOJT\system\CodeIgniter.php(919): App\Controllers\Home->admin()
#8 C:\laragon\www\ProOJT\system\CodeIgniter.php(494): CodeIgniter\CodeIgniter->runController(Object(App\Controllers\Home))
#9 C:\laragon\www\ProOJT\system\CodeIgniter.php(353): CodeIgniter\CodeIgniter->handleRequest(NULL, Object(Config\Cache), false)
#10 C:\laragon\www\ProOJT\public\index.php(79): CodeIgniter\CodeIgniter->run()
#11 C:\laragon\www\ProOJT\system\Commands\Server\rewrite.php(47): require_once('C:\\laragon\\www\\...')
#12 {main}

Next CodeIgniter\Database\Exceptions\DatabaseException: No connection could be made because the target machine actively refused it in C:\laragon\www\ProOJT\system\Database\MySQLi\Connection.php:229
Stack trace:
#0 C:\laragon\www\ProOJT\system\Database\BaseConnection.php(391): CodeIgniter\Database\MySQLi\Connection->connect(false)
#1 C:\laragon\www\ProOJT\system\Database\BaseConnection.php(574): CodeIgniter\Database\BaseConnection->initialize()
#2 C:\laragon\www\ProOJT\system\Database\BaseBuilder.php(1615): CodeIgniter\Database\BaseConnection->query('SELECT *\nFROM `...', Array, false)
#3 C:\laragon\www\ProOJT\system\Model.php(237): CodeIgniter\Database\BaseBuilder->get()
#4 C:\laragon\www\ProOJT\system\BaseModel.php(624): CodeIgniter\Model->doFindAll(0, 0)
#5 C:\laragon\www\ProOJT\app\Controllers\Home.php(14): CodeIgniter\BaseModel->findAll()
#6 C:\laragon\www\ProOJT\system\CodeIgniter.php(919): App\Controllers\Home->admin()
#7 C:\laragon\www\ProOJT\system\CodeIgniter.php(494): CodeIgniter\CodeIgniter->runController(Object(App\Controllers\Home))
#8 C:\laragon\www\ProOJT\system\CodeIgniter.php(353): CodeIgniter\CodeIgniter->handleRequest(NULL, Object(Config\Cache), false)
#9 C:\laragon\www\ProOJT\public\index.php(79): CodeIgniter\CodeIgniter->run()
#10 C:\laragon\www\ProOJT\system\Commands\Server\rewrite.php(47): require_once('C:\\laragon\\www\\...')
#11 {main}
CRITICAL - 2024-02-06 05:46:27 --> Unable to connect to the database.
Main connection [MySQLi]: No connection could be made because the target machine actively refused it
in SYSTEMPATH\Database\BaseConnection.php on line 427.
 1 SYSTEMPATH\Database\BaseConnection.php(574): CodeIgniter\Database\BaseConnection->initialize()
 2 SYSTEMPATH\Database\BaseBuilder.php(1615): CodeIgniter\Database\BaseConnection->query('SELECT *
FROM `users`', [], false)
 3 SYSTEMPATH\Model.php(237): CodeIgniter\Database\BaseBuilder->get()
 4 SYSTEMPATH\BaseModel.php(624): CodeIgniter\Model->doFindAll(0, 0)
 5 APPPATH\Controllers\Home.php(14): CodeIgniter\BaseModel->findAll()
 6 SYSTEMPATH\CodeIgniter.php(919): App\Controllers\Home->admin()
 7 SYSTEMPATH\CodeIgniter.php(494): CodeIgniter\CodeIgniter->runController(Object(App\Controllers\Home))
 8 SYSTEMPATH\CodeIgniter.php(353): CodeIgniter\CodeIgniter->handleRequest(null, Object(Config\Cache), false)
 9 FCPATH\index.php(79): CodeIgniter\CodeIgniter->run()
10 SYSTEMPATH\Commands\Server\rewrite.php(47): require_once('C:\\laragon\\www\\ProOJT\\public\\index.php')
CRITICAL - 2024-02-06 13:02:39 --> Undefined variable $products
in APPPATH\Views\Landing.php on line 167.
 1 APPPATH\Views\Landing.php(167): CodeIgniter\Debug\Exceptions->errorHandler(2, 'Undefined variable $products', 'C:\\laragon\\www\\ProOJT\\app\\Views\\Landing.php', 167)
 2 SYSTEMPATH\View\View.php(226): include('C:\\laragon\\www\\ProOJT\\app\\Views\\Landing.php')
 3 SYSTEMPATH\View\View.php(229): CodeIgniter\View\View->CodeIgniter\View\{closure}()
 4 SYSTEMPATH\Common.php(1188): CodeIgniter\View\View->render('Landing', [], true)
 5 APPPATH\Controllers\Home.php(9): view('Landing')
 6 SYSTEMPATH\CodeIgniter.php(919): App\Controllers\Home->Landing()
 7 SYSTEMPATH\CodeIgniter.php(494): CodeIgniter\CodeIgniter->runController(Object(App\Controllers\Home))
 8 SYSTEMPATH\CodeIgniter.php(353): CodeIgniter\CodeIgniter->handleRequest(null, Object(Config\Cache), false)
 9 FCPATH\index.php(79): CodeIgniter\CodeIgniter->run()
10 SYSTEMPATH\Commands\Server\rewrite.php(47): require_once('C:\\laragon\\www\\ProOJT\\public\\index.php')
CRITICAL - 2024-02-06 13:20:23 --> Undefined variable $products
in APPPATH\Views\PlantItems.php on line 35.
 1 APPPATH\Views\PlantItems.php(35): CodeIgniter\Debug\Exceptions->errorHandler(2, 'Undefined variable $products', 'C:\\laragon\\www\\ProOJT\\app\\Views\\PlantItems.php', 35)
 2 SYSTEMPATH\View\View.php(226): include('C:\\laragon\\www\\ProOJT\\app\\Views\\PlantItems.php')
 3 SYSTEMPATH\View\View.php(229): CodeIgniter\View\View->CodeIgniter\View\{closure}()
 4 SYSTEMPATH\Common.php(1188): CodeIgniter\View\View->render('PlantItems', [], true)
 5 APPPATH\Controllers\Home.php(32): view('PlantItems')
 6 SYSTEMPATH\CodeIgniter.php(919): App\Controllers\Home->PlantItems()
 7 SYSTEMPATH\CodeIgniter.php(494): CodeIgniter\CodeIgniter->runController(Object(App\Controllers\Home))
 8 SYSTEMPATH\CodeIgniter.php(353): CodeIgniter\CodeIgniter->handleRequest(null, Object(Config\Cache), false)
 9 FCPATH\index.php(79): CodeIgniter\CodeIgniter->run()
10 SYSTEMPATH\Commands\Server\rewrite.php(47): require_once('C:\\laragon\\www\\ProOJT\\public\\index.php')
CRITICAL - 2024-02-06 13:25:51 --> Undefined property: App\Controllers\Home::$productModel
in APPPATH\Controllers\Home.php on line 33.
 1 APPPATH\Controllers\Home.php(33): CodeIgniter\Debug\Exceptions->errorHandler(2, 'Undefined property: App\\Controllers\\Home::$productModel', 'C:\\laragon\\www\\ProOJT\\app\\Controllers\\Home.php', 33)
 2 SYSTEMPATH\CodeIgniter.php(919): App\Controllers\Home->PlantItems()
 3 SYSTEMPATH\CodeIgniter.php(494): CodeIgniter\CodeIgniter->runController(Object(App\Controllers\Home))
 4 SYSTEMPATH\CodeIgniter.php(353): CodeIgniter\CodeIgniter->handleRequest(null, Object(Config\Cache), false)
 5 FCPATH\index.php(79): CodeIgniter\CodeIgniter->run()
 6 SYSTEMPATH\Commands\Server\rewrite.php(47): require_once('C:\\laragon\\www\\ProOJT\\public\\index.php')
CRITICAL - 2024-02-06 13:25:53 --> Undefined property: App\Controllers\Home::$productModel
in APPPATH\Controllers\Home.php on line 33.
 1 APPPATH\Controllers\Home.php(33): CodeIgniter\Debug\Exceptions->errorHandler(2, 'Undefined property: App\\Controllers\\Home::$productModel', 'C:\\laragon\\www\\ProOJT\\app\\Controllers\\Home.php', 33)
 2 SYSTEMPATH\CodeIgniter.php(919): App\Controllers\Home->PlantItems()
 3 SYSTEMPATH\CodeIgniter.php(494): CodeIgniter\CodeIgniter->runController(Object(App\Controllers\Home))
 4 SYSTEMPATH\CodeIgniter.php(353): CodeIgniter\CodeIgniter->handleRequest(null, Object(Config\Cache), false)
 5 FCPATH\index.php(79): CodeIgniter\CodeIgniter->run()
 6 SYSTEMPATH\Commands\Server\rewrite.php(47): require_once('C:\\laragon\\www\\ProOJT\\public\\index.php')
CRITICAL - 2024-02-06 13:26:07 --> Undefined property: App\Controllers\Home::$productModel
in APPPATH\Controllers\Home.php on line 33.
 1 APPPATH\Controllers\Home.php(33): CodeIgniter\Debug\Exceptions->errorHandler(2, 'Undefined property: App\\Controllers\\Home::$productModel', 'C:\\laragon\\www\\ProOJT\\app\\Controllers\\Home.php', 33)
 2 SYSTEMPATH\CodeIgniter.php(919): App\Controllers\Home->PlantItems()
 3 SYSTEMPATH\CodeIgniter.php(494): CodeIgniter\CodeIgniter->runController(Object(App\Controllers\Home))
 4 SYSTEMPATH\CodeIgniter.php(353): CodeIgniter\CodeIgniter->handleRequest(null, Object(Config\Cache), false)
 5 FCPATH\index.php(79): CodeIgniter\CodeIgniter->run()
 6 SYSTEMPATH\Commands\Server\rewrite.php(47): require_once('C:\\laragon\\www\\ProOJT\\public\\index.php')
CRITICAL - 2024-02-06 13:27:57 --> Undefined property: App\Controllers\Home::$productModel
in APPPATH\Controllers\Home.php on line 33.
 1 APPPATH\Controllers\Home.php(33): CodeIgniter\Debug\Exceptions->errorHandler(2, 'Undefined property: App\\Controllers\\Home::$productModel', 'C:\\laragon\\www\\ProOJT\\app\\Controllers\\Home.php', 33)
 2 SYSTEMPATH\CodeIgniter.php(919): App\Controllers\Home->PlantItems()
 3 SYSTEMPATH\CodeIgniter.php(494): CodeIgniter\CodeIgniter->runController(Object(App\Controllers\Home))
 4 SYSTEMPATH\CodeIgniter.php(353): CodeIgniter\CodeIgniter->handleRequest(null, Object(Config\Cache), false)
 5 FCPATH\index.php(79): CodeIgniter\CodeIgniter->run()
 6 SYSTEMPATH\Commands\Server\rewrite.php(47): require_once('C:\\laragon\\www\\ProOJT\\public\\index.php')
CRITICAL - 2024-02-06 13:27:59 --> Undefined property: App\Controllers\Home::$productModel
in APPPATH\Controllers\Home.php on line 33.
 1 APPPATH\Controllers\Home.php(33): CodeIgniter\Debug\Exceptions->errorHandler(2, 'Undefined property: App\\Controllers\\Home::$productModel', 'C:\\laragon\\www\\ProOJT\\app\\Controllers\\Home.php', 33)
 2 SYSTEMPATH\CodeIgniter.php(919): App\Controllers\Home->PlantItems()
 3 SYSTEMPATH\CodeIgniter.php(494): CodeIgniter\CodeIgniter->runController(Object(App\Controllers\Home))
 4 SYSTEMPATH\CodeIgniter.php(353): CodeIgniter\CodeIgniter->handleRequest(null, Object(Config\Cache), false)
 5 FCPATH\index.php(79): CodeIgniter\CodeIgniter->run()
 6 SYSTEMPATH\Commands\Server\rewrite.php(47): require_once('C:\\laragon\\www\\ProOJT\\public\\index.php')
CRITICAL - 2024-02-06 13:28:11 --> Undefined property: App\Controllers\Home::$productModel
in APPPATH\Controllers\Home.php on line 33.
 1 APPPATH\Controllers\Home.php(33): CodeIgniter\Debug\Exceptions->errorHandler(2, 'Undefined property: App\\Controllers\\Home::$productModel', 'C:\\laragon\\www\\ProOJT\\app\\Controllers\\Home.php', 33)
 2 SYSTEMPATH\CodeIgniter.php(919): App\Controllers\Home->PlantItems()
 3 SYSTEMPATH\CodeIgniter.php(494): CodeIgniter\CodeIgniter->runController(Object(App\Controllers\Home))
 4 SYSTEMPATH\CodeIgniter.php(353): CodeIgniter\CodeIgniter->handleRequest(null, Object(Config\Cache), false)
 5 FCPATH\index.php(79): CodeIgniter\CodeIgniter->run()
 6 SYSTEMPATH\Commands\Server\rewrite.php(47): require_once('C:\\laragon\\www\\ProOJT\\public\\index.php')
CRITICAL - 2024-02-06 13:43:34 --> Class "App\Controllers\ProductModel" not found
in APPPATH\Controllers\CartController.php on line 11.
 1 SYSTEMPATH\CodeIgniter.php(919): App\Controllers\CartController->index()
 2 SYSTEMPATH\CodeIgniter.php(494): CodeIgniter\CodeIgniter->runController(Object(App\Controllers\CartController))
 3 SYSTEMPATH\CodeIgniter.php(353): CodeIgniter\CodeIgniter->handleRequest(null, Object(Config\Cache), false)
 4 FCPATH\index.php(79): CodeIgniter\CodeIgniter->run()
 5 SYSTEMPATH\Commands\Server\rewrite.php(47): require_once('C:\\laragon\\www\\ProOJT\\public\\index.php')
CRITICAL - 2024-02-06 14:21:53 --> Class "App\Models\ProductModel" not found
in APPPATH\Controllers\CartController.php on line 13.
 1 SYSTEMPATH\CodeIgniter.php(891): App\Controllers\CartController->__construct()
 2 SYSTEMPATH\CodeIgniter.php(485): CodeIgniter\CodeIgniter->createController()
 3 SYSTEMPATH\CodeIgniter.php(353): CodeIgniter\CodeIgniter->handleRequest(null, Object(Config\Cache), false)
 4 FCPATH\index.php(79): CodeIgniter\CodeIgniter->run()
 5 SYSTEMPATH\Commands\Server\rewrite.php(47): require_once('C:\\laragon\\www\\ProOJT\\public\\index.php')
CRITICAL - 2024-02-06 23:36:44 --> Class "App\Models\CartModel" not found
in APPPATH\Controllers\CartController.php on line 14.
 1 SYSTEMPATH\CodeIgniter.php(891): App\Controllers\CartController->__construct()
 2 SYSTEMPATH\CodeIgniter.php(485): CodeIgniter\CodeIgniter->createController()
 3 SYSTEMPATH\CodeIgniter.php(353): CodeIgniter\CodeIgniter->handleRequest(null, Object(Config\Cache), false)
 4 FCPATH\index.php(79): CodeIgniter\CodeIgniter->run()
 5 SYSTEMPATH\Commands\Server\rewrite.php(47): require_once('C:\\laragon\\www\\ProOJT\\public\\index.php')
