CRITICAL - 2024-02-05 02:58:33 --> Undefined variable $users
in APPPATH\Views\admin.php on line 123.
 1 APPPATH\Views\admin.php(123): CodeIgniter\Debug\Exceptions->errorHandler(2, 'Undefined variable $users', 'C:\\laragon\\www\\ParaOJT\\app\\Views\\admin.php', 123)
 2 SYSTEMPATH\View\View.php(226): include('C:\\laragon\\www\\ParaOJT\\app\\Views\\admin.php')
 3 SYSTEMPATH\View\View.php(229): CodeIgniter\View\View->CodeIgniter\View\{closure}()
 4 SYSTEMPATH\Common.php(1188): CodeIgniter\View\View->render('admin', [], true)
 5 APPPATH\Controllers\Home.php(13): view('admin')
 6 SYSTEMPATH\CodeIgniter.php(919): App\Controllers\Home->admin()
 7 SYSTEMPATH\CodeIgniter.php(494): CodeIgniter\CodeIgniter->runController(Object(App\Controllers\Home))
 8 SYSTEMPATH\CodeIgniter.php(353): CodeIgniter\CodeIgniter->handleRequest(null, Object(Config\Cache), false)
 9 FCPATH\index.php(79): CodeIgniter\CodeIgniter->run()
10 SYSTEMPATH\Commands\Server\rewrite.php(47): require_once('C:\\laragon\\www\\ParaOJT\\public\\index.php')
CRITICAL - 2024-02-05 06:22:48 --> Class "App\Controllers\MemberModel" not found
in APPPATH\Controllers\Members.php on line 11.
 1 SYSTEMPATH\CodeIgniter.php(919): App\Controllers\Members->index()
 2 SYSTEMPATH\CodeIgniter.php(494): CodeIgniter\CodeIgniter->runController(Object(App\Controllers\Members))
 3 SYSTEMPATH\CodeIgniter.php(353): CodeIgniter\CodeIgniter->handleRequest(null, Object(Config\Cache), false)
 4 FCPATH\index.php(79): CodeIgniter\CodeIgniter->run()
 5 SYSTEMPATH\Commands\Server\rewrite.php(47): require_once('C:\\laragon\\www\\ProOJT\\public\\index.php')
CRITICAL - 2024-02-05 06:24:42 --> Undefined variable $member
in APPPATH\Views\members\index.php on line 21.
 1 APPPATH\Views\members\index.php(21): CodeIgniter\Debug\Exceptions->errorHandler(2, 'Undefined variable $member', 'C:\\laragon\\www\\ProOJT\\app\\Views\\members\\index.php', 21)
 2 SYSTEMPATH\View\View.php(226): include('C:\\laragon\\www\\ProOJT\\app\\Views\\members\\index.php')
 3 SYSTEMPATH\View\View.php(229): CodeIgniter\View\View->CodeIgniter\View\{closure}()
 4 SYSTEMPATH\Common.php(1188): CodeIgniter\View\View->render('members/index', [], true)
 5 APPPATH\Controllers\Members.php(14): view('members/index', [...])
 6 SYSTEMPATH\CodeIgniter.php(919): App\Controllers\Members->index()
 7 SYSTEMPATH\CodeIgniter.php(494): CodeIgniter\CodeIgniter->runController(Object(App\Controllers\Members))
 8 SYSTEMPATH\CodeIgniter.php(353): CodeIgniter\CodeIgniter->handleRequest(null, Object(Config\Cache), false)
 9 FCPATH\index.php(79): CodeIgniter\CodeIgniter->run()
10 SYSTEMPATH\Commands\Server\rewrite.php(47): require_once('C:\\laragon\\www\\ProOJT\\public\\index.php')
CRITICAL - 2024-02-05 06:26:02 --> Undefined array key "id"
in APPPATH\Views\members\index.php on line 21.
 1 APPPATH\Views\members\index.php(21): CodeIgniter\Debug\Exceptions->errorHandler(2, 'Undefined array key "id"', 'C:\\laragon\\www\\ProOJT\\app\\Views\\members\\index.php', 21)
 2 SYSTEMPATH\View\View.php(226): include('C:\\laragon\\www\\ProOJT\\app\\Views\\members\\index.php')
 3 SYSTEMPATH\View\View.php(229): CodeIgniter\View\View->CodeIgniter\View\{closure}()
 4 SYSTEMPATH\Common.php(1188): CodeIgniter\View\View->render('members/index', [], true)
 5 APPPATH\Controllers\Members.php(14): view('members/index', [...])
 6 SYSTEMPATH\CodeIgniter.php(919): App\Controllers\Members->index()
 7 SYSTEMPATH\CodeIgniter.php(494): CodeIgniter\CodeIgniter->runController(Object(App\Controllers\Members))
 8 SYSTEMPATH\CodeIgniter.php(353): CodeIgniter\CodeIgniter->handleRequest(null, Object(Config\Cache), false)
 9 FCPATH\index.php(79): CodeIgniter\CodeIgniter->run()
10 SYSTEMPATH\Commands\Server\rewrite.php(47): require_once('C:\\laragon\\www\\ProOJT\\public\\index.php')
CRITICAL - 2024-02-05 06:27:32 --> Undefined array key "username"
in APPPATH\Views\members\index.php on line 22.
 1 APPPATH\Views\members\index.php(22): CodeIgniter\Debug\Exceptions->errorHandler(2, 'Undefined array key "username"', 'C:\\laragon\\www\\ProOJT\\app\\Views\\members\\index.php', 22)
 2 SYSTEMPATH\View\View.php(226): include('C:\\laragon\\www\\ProOJT\\app\\Views\\members\\index.php')
 3 SYSTEMPATH\View\View.php(229): CodeIgniter\View\View->CodeIgniter\View\{closure}()
 4 SYSTEMPATH\Common.php(1188): CodeIgniter\View\View->render('members/index', [], true)
 5 APPPATH\Controllers\Members.php(14): view('members/index', [...])
 6 SYSTEMPATH\CodeIgniter.php(919): App\Controllers\Members->index()
 7 SYSTEMPATH\CodeIgniter.php(494): CodeIgniter\CodeIgniter->runController(Object(App\Controllers\Members))
 8 SYSTEMPATH\CodeIgniter.php(353): CodeIgniter\CodeIgniter->handleRequest(null, Object(Config\Cache), false)
 9 FCPATH\index.php(79): CodeIgniter\CodeIgniter->run()
10 SYSTEMPATH\Commands\Server\rewrite.php(47): require_once('C:\\laragon\\www\\ProOJT\\public\\index.php')
CRITICAL - 2024-02-05 06:27:58 --> Undefined array key "id"
in APPPATH\Views\members\index.php on line 21.
 1 APPPATH\Views\members\index.php(21): CodeIgniter\Debug\Exceptions->errorHandler(2, 'Undefined array key "id"', 'C:\\laragon\\www\\ProOJT\\app\\Views\\members\\index.php', 21)
 2 SYSTEMPATH\View\View.php(226): include('C:\\laragon\\www\\ProOJT\\app\\Views\\members\\index.php')
 3 SYSTEMPATH\View\View.php(229): CodeIgniter\View\View->CodeIgniter\View\{closure}()
 4 SYSTEMPATH\Common.php(1188): CodeIgniter\View\View->render('members/index', [], true)
 5 APPPATH\Controllers\Members.php(14): view('members/index', [...])
 6 SYSTEMPATH\CodeIgniter.php(919): App\Controllers\Members->index()
 7 SYSTEMPATH\CodeIgniter.php(494): CodeIgniter\CodeIgniter->runController(Object(App\Controllers\Members))
 8 SYSTEMPATH\CodeIgniter.php(353): CodeIgniter\CodeIgniter->handleRequest(null, Object(Config\Cache), false)
 9 FCPATH\index.php(79): CodeIgniter\CodeIgniter->run()
10 SYSTEMPATH\Commands\Server\rewrite.php(47): require_once('C:\\laragon\\www\\ProOJT\\public\\index.php')
CRITICAL - 2024-02-05 06:35:52 --> Undefined variable $members
in APPPATH\Views\admin.php on line 152.
 1 APPPATH\Views\admin.php(152): CodeIgniter\Debug\Exceptions->errorHandler(2, 'Undefined variable $members', 'C:\\laragon\\www\\ProOJT\\app\\Views\\admin.php', 152)
 2 SYSTEMPATH\View\View.php(226): include('C:\\laragon\\www\\ProOJT\\app\\Views\\admin.php')
 3 SYSTEMPATH\View\View.php(229): CodeIgniter\View\View->CodeIgniter\View\{closure}()
 4 SYSTEMPATH\Common.php(1188): CodeIgniter\View\View->render('admin', [], true)
 5 APPPATH\Controllers\Home.php(16): view('admin', [...])
 6 SYSTEMPATH\CodeIgniter.php(919): App\Controllers\Home->admin()
 7 SYSTEMPATH\CodeIgniter.php(494): CodeIgniter\CodeIgniter->runController(Object(App\Controllers\Home))
 8 SYSTEMPATH\CodeIgniter.php(353): CodeIgniter\CodeIgniter->handleRequest(null, Object(Config\Cache), false)
 9 FCPATH\index.php(79): CodeIgniter\CodeIgniter->run()
10 SYSTEMPATH\Commands\Server\rewrite.php(47): require_once('C:\\laragon\\www\\ProOJT\\public\\index.php')
CRITICAL - 2024-02-05 06:37:36 --> Undefined variable $members
in APPPATH\Views\admin.php on line 152.
 1 APPPATH\Views\admin.php(152): CodeIgniter\Debug\Exceptions->errorHandler(2, 'Undefined variable $members', 'C:\\laragon\\www\\ProOJT\\app\\Views\\admin.php', 152)
 2 SYSTEMPATH\View\View.php(226): include('C:\\laragon\\www\\ProOJT\\app\\Views\\admin.php')
 3 SYSTEMPATH\View\View.php(229): CodeIgniter\View\View->CodeIgniter\View\{closure}()
 4 SYSTEMPATH\Common.php(1188): CodeIgniter\View\View->render('admin', [], true)
 5 APPPATH\Controllers\Home.php(16): view('admin', [...])
 6 SYSTEMPATH\CodeIgniter.php(919): App\Controllers\Home->admin()
 7 SYSTEMPATH\CodeIgniter.php(494): CodeIgniter\CodeIgniter->runController(Object(App\Controllers\Home))
 8 SYSTEMPATH\CodeIgniter.php(353): CodeIgniter\CodeIgniter->handleRequest(null, Object(Config\Cache), false)
 9 FCPATH\index.php(79): CodeIgniter\CodeIgniter->run()
10 SYSTEMPATH\Commands\Server\rewrite.php(47): require_once('C:\\laragon\\www\\ProOJT\\public\\index.php')
